<?xml version="1.0" encoding="UTF-8"?>
<!-- Generated by org.testng.reporters.JUnitXMLReporter -->
<testsuite ignored="0" hostname="DESKTOP-8IO9O82" failures="0" tests="6" name="ABC" time="77.099" errors="0" timestamp="2022-01-06T09:39:57 IST">
  <testcase classname="jan_6.Testcase1" name="search" time="1.363"/>
  <testcase classname="jan_6.Testcase1" name="onMouse" time="4.127"/>
  <testcase classname="jan_6.Testcase1" name="doubleClick" time="5.722"/>
  <testcase classname="jan_6.Testcase2" name="doubleClick" time="5.388"/>
  <testcase classname="jan_6.Testcase2" name="onMouse" time="5.214"/>
  <testcase classname="jan_6.Testcase2" name="search" time="5.368"/>
</testsuite> <!-- ABC -->
