<?xml version="1.0" encoding="UTF-8"?>
<!-- Generated by org.testng.reporters.JUnitXMLReporter -->
<testsuite ignored="0" hostname="DESKTOP-8IO9O82" failures="0" tests="6" name="XYZ" time="66.92" errors="0" timestamp="2022-01-06T09:41:04 IST">
  <testcase classname="jan_5.Testcases_Apha" name="doubleClick" time="6.53"/>
  <testcase classname="jan_5.Testcases_Apha" name="onMouse" time="5.623"/>
  <testcase classname="jan_5.Testcases_Apha" name="search" time="2.087"/>
  <testcase classname="jan_5.Testcases_Enable_Disable" name="doubleClick" time="5.493"/>
  <testcase classname="jan_5.Testcases_Enable_Disable" name="onMouse" time="4.07"/>
  <testcase classname="jan_5.Testcases_Enable_Disable" name="search" time="1.539"/>
</testsuite> <!-- XYZ -->
