<?xml version="1.0" encoding="UTF-8"?>
<testng-results ignored="0" total="1" passed="1" failed="0" skipped="0">
  <reporter-output>
  </reporter-output>
  <suite started-at="2022-01-12T10:13:40 IST" name="Default suite" finished-at="2022-01-12T10:14:38 IST" duration-ms="57578">
    <groups>
    </groups>
    <test started-at="2022-01-12T10:13:40 IST" name="Default test" finished-at="2022-01-12T10:14:38 IST" duration-ms="57578">
      <class name="testcases.CreateAccountTestcases">
        <test-method is-config="true" signature="testbefore()[pri:0, instance:testcases.CreateAccountTestcases@efde75f]" started-at="2022-01-12T10:13:40 IST" name="testbefore" finished-at="2022-01-12T10:13:40 IST" duration-ms="163" status="PASS">
          <reporter-output>
          </reporter-output>
        </test-method> <!-- testbefore -->
        <test-method is-config="true" signature="openBrowser()[pri:0, instance:testcases.CreateAccountTestcases@efde75f]" started-at="2022-01-12T10:13:40 IST" name="openBrowser" finished-at="2022-01-12T10:14:25 IST" duration-ms="44482" status="PASS">
          <reporter-output>
          </reporter-output>
        </test-method> <!-- openBrowser -->
        <test-method signature="createAccountTest001()[pri:0, instance:testcases.CreateAccountTestcases@efde75f]" started-at="2022-01-12T10:14:25 IST" name="createAccountTest001" finished-at="2022-01-12T10:14:36 IST" duration-ms="11874" status="PASS">
          <reporter-output>
          </reporter-output>
        </test-method> <!-- createAccountTest001 -->
        <test-method is-config="true" signature="closeBrowser()[pri:0, instance:testcases.CreateAccountTestcases@efde75f]" started-at="2022-01-12T10:14:36 IST" name="closeBrowser" finished-at="2022-01-12T10:14:37 IST" duration-ms="981" status="PASS">
          <reporter-output>
          </reporter-output>
        </test-method> <!-- closeBrowser -->
        <test-method is-config="true" signature="testafter()[pri:0, instance:testcases.CreateAccountTestcases@efde75f]" started-at="2022-01-12T10:14:37 IST" name="testafter" finished-at="2022-01-12T10:14:38 IST" duration-ms="40" status="PASS">
          <reporter-output>
          </reporter-output>
        </test-method> <!-- testafter -->
      </class> <!-- testcases.CreateAccountTestcases -->
    </test> <!-- Default test -->
  </suite> <!-- Default suite -->
</testng-results>
